
> frontend@0.0.0 start
> ng serve --host 127.0.0.1 --port 4200

[33m>[39m Building...
[32m√[39m Building...
[1mInitial chunk files[22m[2m | [22m[1mNames[22m           [2m | [22m [1mRaw size[22m
[32mmain.js[39m            [2m | [22m[2mmain[22m            [2m | [22m [36m28.47 kB[39m[2m | [22m
[32mchunk-MLZPD4GL.js[39m  [2m | [22m[2m-[22m               [2m | [22m  [36m6.97 kB[39m[2m | [22m
[32mstyles.css[39m         [2m | [22m[2mstyles[22m          [2m | [22m  [36m5.25 kB[39m[2m | [22m
[32mchunk-B5PKAS7Y.js[39m  [2m | [22m[2m-[22m               [2m | [22m  [36m2.78 kB[39m[2m | [22m
[32mpolyfills.js[39m       [2m | [22m[2mpolyfills[22m       [2m | [22m [36m95 bytes[39m[2m | [22m

[1m [22m                  [2m | [22m[1mInitial total[22m   [2m | [22m [1m43.56 kB[22m

[1mLazy chunk files[22m   [2m | [22m[1mNames[22m           [2m | [22m [1mRaw size[22m
[32mchunk-D33CF3KQ.js[39m  [2m | [22m[2mcustomers-module[22m[2m | [22m[36m167.73 kB[39m[2m | [22m
[32mchunk-ABA47QRT.js[39m  [2m | [22m[2msales-module[22m    [2m | [22m[36m167.14 kB[39m[2m | [22m
[32mchunk-OFUIA7IX.js[39m  [2m | [22m[2mdashboard-module[22m[2m | [22m [36m28.16 kB[39m[2m | [22m
[32mchunk-L2G6MEMA.js[39m  [2m | [22m[2moffers-module[22m   [2m | [22m [36m27.22 kB[39m[2m | [22m
[32mchunk-2YZN4EG2.js[39m  [2m | [22m[2m-[22m               [2m | [22m [36m23.98 kB[39m[2m | [22m
[32mchunk-GCJVAZ4M.js[39m  [2m | [22m[2mauth-module[22m     [2m | [22m [36m15.58 kB[39m[2m | [22m
[32mchunk-KXLW2QGE.js[39m  [2m | [22m[2m-[22m               [2m | [22m  [36m1.79 kB[39m[2m | [22m

Application bundle generation complete. [6.731 seconds] - 2026-06-04T12:34:45.194Z

Watch mode enabled. Watching for file changes...
NOTE: Raw file sizes do not reflect development server per-request transformations.
  [32m➜[39m  [1mLocal[22m:   [36mhttp://127.0.0.1:[1m4200[22m/[39m
[33m>[39m Changes detected. Rebuilding...
[32m√[39m Changes detected. Rebuilding...
[1mInitial chunk files[22m[2m | [22m[1mNames[22m           [2m | [22m [1mRaw size[22m
[32mmain.js[39m            [2m | [22m[2mmain[22m            [2m | [22m [36m28.47 kB[39m[2m | [22m

[1mLazy chunk files[22m   [2m | [22m[1mNames[22m           [2m | [22m [1mRaw size[22m
[32mchunk-35G3XXCD.js[39m  [2m | [22m[2mcustomers-module[22m[2m | [22m[36m167.74 kB[39m[2m | [22m

Application bundle generation complete. [2.526 seconds] - 2026-06-04T12:51:38.212Z

Page reload sent to client(s).
[33m>[39m Changes detected. Rebuilding...
[32m√[39m Changes detected. Rebuilding...
[1mInitial chunk files[22m[2m | [22m[1mNames[22m           [2m | [22m [1mRaw size[22m
[32mmain.js[39m            [2m | [22m[2mmain[22m            [2m | [22m [36m28.47 kB[39m[2m | [22m

[1mLazy chunk files[22m   [2m | [22m[1mNames[22m           [2m | [22m [1mRaw size[22m
[32mchunk-A5GVZ6SL.js[39m  [2m | [22m[2mcustomers-module[22m[2m | [22m[36m167.90 kB[39m[2m | [22m

Application bundle generation complete. [0.330 seconds] - 2026-06-04T12:52:15.975Z

Page reload sent to client(s).
[33m>[39m Changes detected. Rebuilding...
[32m√[39m Changes detected. Rebuilding...
[1mInitial chunk files[22m[2m | [22m[1mNames[22m           [2m | [22m [1mRaw size[22m
[32mmain.js[39m            [2m | [22m[2mmain[22m            [2m | [22m [36m28.47 kB[39m[2m | [22m

[1mLazy chunk files[22m   [2m | [22m[1mNames[22m           [2m | [22m [1mRaw size[22m
[32mchunk-QBSLZC4P.js[39m  [2m | [22m[2mcustomers-module[22m[2m | [22m[36m168.47 kB[39m[2m | [22m

Application bundle generation complete. [0.565 seconds] - 2026-06-04T12:52:24.718Z

Page reload sent to client(s).
[33m>[39m Changes detected. Rebuilding...
[32m√[39m Changes detected. Rebuilding...
[1mInitial chunk files[22m[2m | [22m[1mNames[22m           [2m | [22m [1mRaw size[22m
[32mmain.js[39m            [2m | [22m[2mmain[22m            [2m | [22m [36m28.47 kB[39m[2m | [22m

[1mLazy chunk files[22m   [2m | [22m[1mNames[22m           [2m | [22m [1mRaw size[22m
[32mchunk-PJ7357C7.js[39m  [2m | [22m[2mcustomers-module[22m[2m | [22m[36m168.09 kB[39m[2m | [22m

Application bundle generation complete. [0.489 seconds] - 2026-06-04T12:53:01.518Z

Page reload sent to client(s).
[33m>[39m Changes detected. Rebuilding...
[32m√[39m Changes detected. Rebuilding...
[1mInitial chunk files[22m[2m | [22m[1mNames[22m           [2m | [22m [1mRaw size[22m
[32mmain.js[39m            [2m | [22m[2mmain[22m            [2m | [22m [36m28.47 kB[39m[2m | [22m

[1mLazy chunk files[22m   [2m | [22m[1mNames[22m           [2m | [22m [1mRaw size[22m
[32mchunk-TNL5D4O7.js[39m  [2m | [22m[2mcustomers-module[22m[2m | [22m[36m167.94 kB[39m[2m | [22m

Application bundle generation complete. [0.298 seconds] - 2026-06-04T12:53:05.678Z

Page reload sent to client(s).
[33m>[39m Changes detected. Rebuilding...
[32m√[39m Changes detected. Rebuilding...
Application bundle generation failed. [0.581 seconds] - 2026-06-04T13:00:34.887Z

[33m>[39m Changes detected. Rebuilding...
[32m√[39m Changes detected. Rebuilding...
[1mInitial chunk files[22m[2m | [22m[1mNames[22m           [2m | [22m [1mRaw size[22m
[32mmain.js[39m            [2m | [22m[2mmain[22m            [2m | [22m [36m28.47 kB[39m[2m | [22m
[32mchunk-MLZPD4GL.js[39m  [2m | [22m[2m-[22m               [2m | [22m  [36m6.97 kB[39m[2m | [22m
[32mstyles.css[39m         [2m | [22m[2mstyles[22m          [2m | [22m  [36m5.25 kB[39m[2m | [22m
[32mchunk-B5PKAS7Y.js[39m  [2m | [22m[2m-[22m               [2m | [22m  [36m2.78 kB[39m[2m | [22m
[32mpolyfills.js[39m       [2m | [22m[2mpolyfills[22m       [2m | [22m [36m95 bytes[39m[2m | [22m

[1m [22m                  [2m | [22m[1mInitial total[22m   [2m | [22m [1m43.56 kB[22m

[1mLazy chunk files[22m   [2m | [22m[1mNames[22m           [2m | [22m [1mRaw size[22m
[32mchunk-ABA47QRT.js[39m  [2m | [22m[2msales-module[22m    [2m | [22m[36m167.14 kB[39m[2m | [22m
[32mchunk-JZONLZNG.js[39m  [2m | [22m[2mcustomers-module[22m[2m | [22m[36m164.40 kB[39m[2m | [22m
[32mchunk-OFUIA7IX.js[39m  [2m | [22m[2mdashboard-module[22m[2m | [22m [36m28.16 kB[39m[2m | [22m
[32mchunk-L2G6MEMA.js[39m  [2m | [22m[2moffers-module[22m   [2m | [22m [36m27.22 kB[39m[2m | [22m
[32mchunk-2YZN4EG2.js[39m  [2m | [22m[2m-[22m               [2m | [22m [36m23.98 kB[39m[2m | [22m
[32mchunk-GCJVAZ4M.js[39m  [2m | [22m[2mauth-module[22m     [2m | [22m [36m15.58 kB[39m[2m | [22m
[32mchunk-KXLW2QGE.js[39m  [2m | [22m[2m-[22m               [2m | [22m  [36m1.79 kB[39m[2m | [22m

Application bundle generation complete. [0.777 seconds] - 2026-06-04T13:00:45.528Z

Page reload sent to client(s).
[33m>[39m Changes detected. Rebuilding...
[32m√[39m Changes detected. Rebuilding...
[1mInitial chunk files[22m[2m | [22m[1mNames[22m           [2m | [22m [1mRaw size[22m
[32mmain.js[39m            [2m | [22m[2mmain[22m            [2m | [22m [36m28.47 kB[39m[2m | [22m

[1mLazy chunk files[22m   [2m | [22m[1mNames[22m           [2m | [22m [1mRaw size[22m
[32mchunk-5MOOEYYQ.js[39m  [2m | [22m[2mcustomers-module[22m[2m | [22m[36m163.21 kB[39m[2m | [22m

Application bundle generation complete. [0.639 seconds] - 2026-06-04T13:01:04.987Z

Component update sent to client(s).
[33m>[39m Changes detected. Rebuilding...
[32m√[39m Changes detected. Rebuilding...
[1mInitial chunk files[22m[2m | [22m[1mNames[22m           [2m | [22m [1mRaw size[22m
[32mmain.js[39m            [2m | [22m[2mmain[22m            [2m | [22m [36m28.47 kB[39m[2m | [22m

[1mLazy chunk files[22m   [2m | [22m[1mNames[22m           [2m | [22m [1mRaw size[22m
[32mchunk-4QHRJ5PY.js[39m  [2m | [22m[2mcustomers-module[22m[2m | [22m[36m163.06 kB[39m[2m | [22m

Application bundle generation complete. [0.365 seconds] - 2026-06-04T13:01:20.046Z

Component update sent to client(s).
[33m>[39m Changes detected. Rebuilding...
[32m√[39m Changes detected. Rebuilding...
[1mInitial chunk files[22m[2m | [22m[1mNames[22m           [2m | [22m [1mRaw size[22m
[32mmain.js[39m            [2m | [22m[2mmain[22m            [2m | [22m [36m28.47 kB[39m[2m | [22m

[1mLazy chunk files[22m   [2m | [22m[1mNames[22m           [2m | [22m [1mRaw size[22m
[32mchunk-ESLMQQQC.js[39m  [2m | [22m[2mcustomers-module[22m[2m | [22m[36m163.05 kB[39m[2m | [22m

Application bundle generation complete. [0.464 seconds] - 2026-06-04T13:01:25.251Z

Component update sent to client(s).
[33m>[39m Changes detected. Rebuilding...
[32m√[39m Changes detected. Rebuilding...
[1mInitial chunk files[22m[2m | [22m[1mNames[22m           [2m | [22m [1mRaw size[22m
[32mmain.js[39m            [2m | [22m[2mmain[22m            [2m | [22m [36m28.47 kB[39m[2m | [22m

[1mLazy chunk files[22m   [2m | [22m[1mNames[22m           [2m | [22m [1mRaw size[22m
[32mchunk-ZCWB6R7U.js[39m  [2m | [22m[2mcustomers-module[22m[2m | [22m[36m163.57 kB[39m[2m | [22m

Application bundle generation complete. [0.773 seconds] - 2026-06-04T13:06:10.677Z

Page reload sent to client(s).
[33m>[39m Changes detected. Rebuilding...
[32m√[39m Changes detected. Rebuilding...
[1mInitial chunk files[22m[2m | [22m[1mNames[22m           [2m | [22m [1mRaw size[22m
[32mmain.js[39m            [2m | [22m[2mmain[22m            [2m | [22m [36m28.47 kB[39m[2m | [22m

[1mLazy chunk files[22m   [2m | [22m[1mNames[22m           [2m | [22m [1mRaw size[22m
[32mchunk-LV6362DL.js[39m  [2m | [22m[2mcustomers-module[22m[2m | [22m[36m163.59 kB[39m[2m | [22m

Application bundle generation complete. [0.597 seconds] - 2026-06-04T13:07:31.743Z

Page reload sent to client(s).
[33m>[39m Changes detected. Rebuilding...
[32m√[39m Changes detected. Rebuilding...
[1mInitial chunk files[22m[2m | [22m[1mNames[22m           [2m | [22m [1mRaw size[22m
[32mmain.js[39m            [2m | [22m[2mmain[22m            [2m | [22m [36m28.47 kB[39m[2m | [22m

[1mLazy chunk files[22m   [2m | [22m[1mNames[22m           [2m | [22m [1mRaw size[22m
[32mchunk-VOXJAREU.js[39m  [2m | [22m[2mcustomers-module[22m[2m | [22m[36m163.60 kB[39m[2m | [22m

Application bundle generation complete. [0.448 seconds] - 2026-06-04T13:07:46.587Z

Page reload sent to client(s).
[33m>[39m Changes detected. Rebuilding...
[32m√[39m Changes detected. Rebuilding...
Application bundle generation failed. [0.336 seconds] - 2026-06-04T13:08:08.852Z

[33m>[39m Changes detected. Rebuilding...
[32m√[39m Changes detected. Rebuilding...
[1mInitial chunk files[22m[2m | [22m[1mNames[22m           [2m | [22m [1mRaw size[22m
[32mmain.js[39m            [2m | [22m[2mmain[22m            [2m | [22m [36m28.47 kB[39m[2m | [22m
[32mchunk-MLZPD4GL.js[39m  [2m | [22m[2m-[22m               [2m | [22m  [36m6.97 kB[39m[2m | [22m
[32mstyles.css[39m         [2m | [22m[2mstyles[22m          [2m | [22m  [36m5.25 kB[39m[2m | [22m
[32mchunk-B5PKAS7Y.js[39m  [2m | [22m[2m-[22m               [2m | [22m  [36m2.78 kB[39m[2m | [22m
[32mpolyfills.js[39m       [2m | [22m[2mpolyfills[22m       [2m | [22m [36m95 bytes[39m[2m | [22m

[1m [22m                  [2m | [22m[1mInitial total[22m   [2m | [22m [1m43.56 kB[22m

[1mLazy chunk files[22m   [2m | [22m[1mNames[22m           [2m | [22m [1mRaw size[22m
[32mchunk-ABA47QRT.js[39m  [2m | [22m[2msales-module[22m    [2m | [22m[36m167.14 kB[39m[2m | [22m
[32mchunk-VOXJAREU.js[39m  [2m | [22m[2mcustomers-module[22m[2m | [22m[36m163.60 kB[39m[2m | [22m
[32mchunk-OFUIA7IX.js[39m  [2m | [22m[2mdashboard-module[22m[2m | [22m [36m28.16 kB[39m[2m | [22m
[32mchunk-L2G6MEMA.js[39m  [2m | [22m[2moffers-module[22m   [2m | [22m [36m27.22 kB[39m[2m | [22m
[32mchunk-2YZN4EG2.js[39m  [2m | [22m[2m-[22m               [2m | [22m [36m23.98 kB[39m[2m | [22m
[32mchunk-GCJVAZ4M.js[39m  [2m | [22m[2mauth-module[22m     [2m | [22m [36m15.58 kB[39m[2m | [22m
[32mchunk-KXLW2QGE.js[39m  [2m | [22m[2m-[22m               [2m | [22m  [36m1.79 kB[39m[2m | [22m

Application bundle generation complete. [0.643 seconds] - 2026-06-04T13:08:53.205Z

Page reload sent to client(s).
