[1m[31m[31mX [41;31m[[41;97mERROR[41;31m][0m [1mTS2339: Property 'menuOpen' does not exist on type 'CustomerResultCardComponent'.[0m [1m[35m[plugin angular-compiler][0m

    src/app/features/customers/components/customer-result-card.component.html:55:28:
[37m      55 │       [attr.aria-expanded]="[32mmenuOpen[37m"
         ╵                             [32m~~~~~~~~[0m

  Error occurs in the template of component CustomerResultCardComponent.

    src/app/features/customers/components/customer-result-card.component.ts:7:15:
[37m      7 │   templateUrl: [32m'./customer-result-card.component.html'[37m,
        ╵                [32m~~~~~~~~~~~~~~~~~~~~~~~~~~~~~~~~~~~~~~~[0m


[31mX [41;31m[[41;97mERROR[41;31m][0m [1mTS2339: Property 'toggleMenu' does not exist on type 'CustomerResultCardComponent'.[0m [1m[35m[plugin angular-compiler][0m

    src/app/features/customers/components/customer-result-card.component.html:56:15:
[37m      56 │       (click)="[32mtoggleMenu[37m($event)"
         ╵                [32m~~~~~~~~~~[0m

  Error occurs in the template of component CustomerResultCardComponent.

    src/app/features/customers/components/customer-result-card.component.ts:7:15:
[37m      7 │   templateUrl: [32m'./customer-result-card.component.html'[37m,
        ╵                [32m~~~~~~~~~~~~~~~~~~~~~~~~~~~~~~~~~~~~~~~[0m


[31mX [41;31m[[41;97mERROR[41;31m][0m [1mTS2339: Property 'menuOpen' does not exist on type 'CustomerResultCardComponent'.[0m [1m[35m[plugin angular-compiler][0m

    src/app/features/customers/components/customer-result-card.component.html:61:42:
[37m      61 │     <div class="result-card__menu" *ngIf="[32mmenuOpen[37m" role="menu">
         ╵                                           [32m~~~~~~~~[0m

  Error occurs in the template of component CustomerResultCardComponent.

    src/app/features/customers/components/customer-result-card.component.ts:7:15:
[37m      7 │   templateUrl: [32m'./customer-result-card.component.html'[37m,
        ╵                [32m~~~~~~~~~~~~~~~~~~~~~~~~~~~~~~~~~~~~~~~[0m


[31mX [41;31m[[41;97mERROR[41;31m][0m [1mTS2339: Property 'closeMenu' does not exist on type 'CustomerResultCardComponent'.[0m [1m[35m[plugin angular-compiler][0m

    src/app/features/customers/components/customer-result-card.component.html:62:75:
[37m      62 │ ...', record.id]" role="menuitem" (click)="[32mcloseMenu[37m()">Consulter</a>
         ╵                                            [32m~~~~~~~~~[0m

  Error occurs in the template of component CustomerResultCardComponent.

    src/app/features/customers/components/customer-result-card.component.ts:7:15:
[37m      7 │   templateUrl: [32m'./customer-result-card.component.html'[37m,
        ╵                [32m~~~~~~~~~~~~~~~~~~~~~~~~~~~~~~~~~~~~~~~[0m


[31mX [41;31m[[41;97mERROR[41;31m][0m [1mTS2339: Property 'closeMenu' does not exist on type 'CustomerResultCardComponent'.[0m [1m[35m[plugin angular-compiler][0m

    src/app/features/customers/components/customer-result-card.component.html:63:96:
[37m      63 │ ...d.id]" fragment="contracts" role="menuitem" (click)="[32mcloseMenu[37m()">
         ╵                                                         [32m~~~~~~~~~[0m

  Error occurs in the template of component CustomerResultCardComponent.

    src/app/features/customers/components/customer-result-card.component.ts:7:15:
[37m      7 │   templateUrl: [32m'./customer-result-card.component.html'[37m,
        ╵                [32m~~~~~~~~~~~~~~~~~~~~~~~~~~~~~~~~~~~~~~~[0m

[39m[22m
[1m[31m[31mX [41;31m[[41;97mERROR[41;31m][0m [1mTS2353: Object literal may only specify known properties, and 'identityType' does not exist in type 'CustomerDetailProfile'.[0m [1m[35m[plugin angular-compiler][0m

    src/app/core/data/simulated-customers.ts:18:2:
[37m      18 │   [32midentityType[37m: 'CIN',
         ╵   [32m~~~~~~~~~~~~[0m


[31mX [41;31m[[41;97mERROR[41;31m][0m [1mTS2353: Object literal may only specify known properties, and 'identityType' does not exist in type 'CustomerDetailProfile'.[0m [1m[35m[plugin angular-compiler][0m

    src/app/core/data/simulated-customers.ts:110:2:
[37m      110 │   [32midentityType[37m: 'CIN',
          ╵   [32m~~~~~~~~~~~~[0m


[31mX [41;31m[[41;97mERROR[41;31m][0m [1mTS2353: Object literal may only specify known properties, and 'identityType' does not exist in type 'CustomerDetailProfile'.[0m [1m[35m[plugin angular-compiler][0m

    src/app/core/data/simulated-customers.ts:177:2:
[37m      177 │   [32midentityType[37m: 'CIN',
          ╵   [32m~~~~~~~~~~~~[0m


[31mX [41;31m[[41;97mERROR[41;31m][0m [1mTS2353: Object literal may only specify known properties, and 'identityType' does not exist in type 'CustomerDetailProfile'.[0m [1m[35m[plugin angular-compiler][0m

    src/app/core/data/simulated-customers.ts:242:4:
[37m      242 │     [32midentityType[37m: 'CIN',
          ╵     [32m~~~~~~~~~~~~[0m


[31mX [41;31m[[41;97mERROR[41;31m][0m [1mTS2353: Object literal may only specify known properties, and 'identityType' does not exist in type 'CustomerDetailProfile'.[0m [1m[35m[plugin angular-compiler][0m

    src/app/core/data/simulated-customers.ts:273:2:
[37m      273 │   [32midentityType[37m: 'RC',
          ╵   [32m~~~~~~~~~~~~[0m


[31mX [41;31m[[41;97mERROR[41;31m][0m [1mTS2353: Object literal may only specify known properties, and 'identityType' does not exist in type 'CustomerDetailProfile'.[0m [1m[35m[plugin angular-compiler][0m

    src/app/core/data/simulated-customers.ts:337:2:
[37m      337 │   [32midentityType[37m: 'Patente',
          ╵   [32m~~~~~~~~~~~~[0m


[31mX [41;31m[[41;97mERROR[41;31m][0m [1mTS2353: Object literal may only specify known properties, and 'identityType' does not exist in type 'CustomerDetailProfile'.[0m [1m[35m[plugin angular-compiler][0m

    src/app/core/data/simulated-customers.ts:393:2:
[37m      393 │   [32midentityType[37m: 'CIN',
          ╵   [32m~~~~~~~~~~~~[0m


[31mX [41;31m[[41;97mERROR[41;31m][0m [1mTS2339: Property 'publicKey' does not exist on type 'CustomerDetailProfile'.[0m [1m[35m[plugin angular-compiler][0m

    src/app/features/customers/services/customer-search.service.ts:98:25:
[37m      98 │         return [profile?.[32mpublicKey[37m];
         ╵                          [32m~~~~~~~~~[0m


[31mX [41;31m[[41;97mERROR[41;31m][0m [1mTS2339: Property 'ccu' does not exist on type 'CustomerDetailProfile'.[0m [1m[35m[plugin angular-compiler][0m

    src/app/features/customers/services/customer-search.service.ts:102:25:
[37m      102 │         return [profile?.[32mccu[37m];
          ╵                          [32m~~~[0m


[31mX [41;31m[[41;97mERROR[41;31m][0m [1mTS2339: Property 'identityType' does not exist on type 'CustomerDetailProfile'.[0m [1m[35m[plugin angular-compiler][0m

    src/app/features/customers/services/customer-search.service.ts:104:39:
[37m      104 │         return [customer.cin, profile?.[32midentityType[37m];
          ╵                                        [32m~~~~~~~~~~~~[0m


[31mX [41;31m[[41;97mERROR[41;31m][0m [1mTS2339: Property 'ice' does not exist on type 'CustomerDetailProfile'.[0m [1m[35m[plugin angular-compiler][0m

    src/app/features/customers/services/customer-search.service.ts:116:25:
[37m      116 │         return [profile?.[32mice[37m];
          ╵                          [32m~~~[0m


[31mX [41;31m[[41;97mERROR[41;31m][0m [1mTS2339: Property 'identityType' does not exist on type 'CustomerDetailProfile'.[0m [1m[35m[plugin angular-compiler][0m

    src/app/features/customers/services/customer-search.service.ts:170:29:
[37m      170 │       identityType: profile?.[32midentityType[37m ?? 'CIN',
          ╵                              [32m~~~~~~~~~~~~[0m


[31mX [41;31m[[41;97mERROR[41;31m][0m [1mTS2339: Property 'customerClass' does not exist on type 'CustomerDetailProfile'.[0m [1m[35m[plugin angular-compiler][0m

    src/app/features/customers/services/customer-search.service.ts:173:30:
[37m      173 │ ... customerClass: profile?.[32mcustomerClass[37m ?? profile?.category ??...
          ╵                             [32m~~~~~~~~~~~~~[0m


[31mX [41;31m[[41;97mERROR[41;31m][0m [1mTS2339: Property 'searchCategory' does not exist on type 'CustomerDetailProfile'.[0m [1m[35m[plugin angular-compiler][0m

    src/app/features/customers/services/customer-search.service.ts:180:39:
[37m      180 │ ...onst category = customer.profile?.[32msearchCategory[37m ?? 'individual';
          ╵                                      [32m~~~~~~~~~~~~~~[0m

[39m[22m
